d:\intensityprofile - copy\intensityprofile\x64\release\moc_intensityprofile.obj
d:\intensityprofile - copy\intensityprofile\x64\release\galvo.obj
d:\intensityprofile - copy\intensityprofile\x64\release\camerasettings.obj
d:\intensityprofile - copy\intensityprofile\x64\release\moc_camerasettings.obj
d:\intensityprofile - copy\intensityprofile\x64\release\openglwidget.obj
d:\intensityprofile - copy\intensityprofile\x64\release\main.obj
d:\intensityprofile - copy\intensityprofile\x64\release\intensityprofile.obj
d:\intensityprofile - copy\intensityprofile\x64\release\drawpattern.obj
d:\intensityprofile - copy\intensityprofile\x64\release\moc_drawpattern.obj
d:\intensityprofile - copy\intensityprofile\x64\release\cgsnapcamerawidget.obj
d:\intensityprofile - copy\intensityprofile\x64\release\moc_octcmoscamera.obj
d:\intensityprofile - copy\intensityprofile\x64\release\octcmoscamera.obj
d:\intensityprofile - copy\intensityprofile\x64\release\moc_cgsnapcamerawidget.obj
d:\intensityprofile - copy\intensityprofile\x64\release\moc_openglwidget.obj
d:\intensityprofile - copy\intensityprofile\x64\release\moc_galvo.obj
d:\intensityprofile - copy\intensityprofile\x64\release\appagalvo.obj
d:\intensityprofile - copy\intensityprofile\x64\release\moc_appagalvo.obj
d:\intensityprofile - copy\intensityprofile\generatedfiles\ui_camerasettings.h
d:\intensityprofile - copy\intensityprofile\generatedfiles\ui_cgsnapcamerawidget.h
d:\intensityprofile - copy\intensityprofile\generatedfiles\ui_galvo.h
d:\intensityprofile - copy\intensityprofile\generatedfiles\ui_intensityprofile.h
d:\intensityprofile - copy\intensityprofile\generatedfiles\qrc_intensityprofile.cpp
d:\intensityprofile - copy\intensityprofile\generatedfiles\release\moc_intensityprofile.cpp
d:\intensityprofile - copy\intensityprofile\generatedfiles\release\moc_qcustomplot.cpp
d:\intensityprofile - copy\intensityprofile\generatedfiles\release\moc_cgsnapcamerawidget.cpp
d:\intensityprofile - copy\intensityprofile\generatedfiles\release\moc_galvo.cpp
d:\intensityprofile - copy\intensityprofile\generatedfiles\release\moc_camerasettings.cpp
d:\intensityprofile - copy\intensityprofile\generatedfiles\release\moc_openglwidget.cpp
d:\intensityprofile - copy\intensityprofile\generatedfiles\release\moc_octcmoscamera.cpp
d:\intensityprofile - copy\x64\release\intensityprofile.lib
d:\intensityprofile - copy\x64\release\intensityprofile.exp
d:\intensityprofile - copy\intensityprofile\generatedfiles\ui_drawpattern.h
d:\intensityprofile - copy\intensityprofile\generatedfiles\release\moc_drawpattern.cpp
d:\intensityprofile - copy\intensityprofile\generatedfiles\release\moc_appagalvo.cpp
d:\intensityprofile - copy\x64\release\intensityprofile.exe
d:\intensityprofile - copy\intensityprofile\.\generatedfiles\release\moc_intensityprofile.cpp
d:\intensityprofile - copy\intensityprofile\.\generatedfiles\release\moc_qcustomplot.cpp
d:\intensityprofile - copy\intensityprofile\.\generatedfiles\release\moc_cgsnapcamerawidget.cpp
d:\intensityprofile - copy\intensityprofile\.\generatedfiles\release\moc_drawpattern.cpp
d:\intensityprofile - copy\intensityprofile\.\generatedfiles\release\moc_appagalvo.cpp
d:\intensityprofile - copy\intensityprofile\.\generatedfiles\release\moc_galvo.cpp
d:\intensityprofile - copy\intensityprofile\.\generatedfiles\release\moc_camerasettings.cpp
d:\intensityprofile - copy\intensityprofile\.\generatedfiles\release\moc_openglwidget.cpp
d:\intensityprofile - copy\intensityprofile\.\generatedfiles\release\moc_octcmoscamera.cpp
d:\intensityprofile - copy\intensityprofile\.\generatedfiles\qrc_intensityprofile.cpp
d:\intensityprofile - copy\intensityprofile\.\generatedfiles\ui_camerasettings.h
d:\intensityprofile - copy\intensityprofile\.\generatedfiles\ui_cgsnapcamerawidget.h
d:\intensityprofile - copy\intensityprofile\.\generatedfiles\ui_drawpattern.h
d:\intensityprofile - copy\intensityprofile\.\generatedfiles\ui_galvo.h
d:\intensityprofile - copy\intensityprofile\.\generatedfiles\ui_intensityprofile.h
d:\intensityprofile - copy\intensityprofile\x64\release\intensityprofile.vcxprojresolveassemblyreference.cache
d:\intensityprofile - copy\intensityprofile\x64\release\fovcamera.obj
d:\intensityprofile - copy\intensityprofile\x64\release\linescancamera.obj
d:\intensityprofile - copy\intensityprofile\x64\release\moc_qcustomplot.obj
d:\intensityprofile - copy\intensityprofile\x64\release\qcustomplot.obj
d:\intensityprofile - copy\intensityprofile\x64\release\qrc_intensityprofile.obj
d:\intensityprofile - copy\intensityprofile\x64\release\vc120.pdb
d:\intensityprofile - copy\intensityprofile\x64\release\intensityprofile.tlog\cl.command.1.tlog
d:\intensityprofile - copy\intensityprofile\x64\release\intensityprofile.tlog\cl.read.1.tlog
d:\intensityprofile - copy\intensityprofile\x64\release\intensityprofile.tlog\cl.write.1.tlog
d:\intensityprofile - copy\intensityprofile\x64\release\intensityprofile.tlog\intensityprofile.write.1u.tlog
d:\intensityprofile - copy\intensityprofile\x64\release\intensityprofile.tlog\link.command.1.tlog
d:\intensityprofile - copy\intensityprofile\x64\release\intensityprofile.tlog\link.read.1.tlog
d:\intensityprofile - copy\intensityprofile\x64\release\intensityprofile.tlog\link.write.1.tlog
d:\intensityprofile - copy\intensityprofile\x64\release\intensityprofile.tlog\moc.read.1u.tlog
d:\intensityprofile - copy\intensityprofile\x64\release\intensityprofile.tlog\moc.write.1u.tlog
d:\intensityprofile - copy\intensityprofile\x64\release\intensityprofile.tlog\rcc.read.1u.tlog
d:\intensityprofile - copy\intensityprofile\x64\release\intensityprofile.tlog\rcc.write.1u.tlog
d:\intensityprofile - copy\intensityprofile\x64\release\intensityprofile.tlog\uic.read.1u.tlog
d:\intensityprofile - copy\intensityprofile\x64\release\intensityprofile.tlog\uic.write.1u.tlog
